9.1 153
.target 154
sm_100 102
0
9.1 153
.target 154
sm_101 102
.address_size 155
106
.visible 110
.func 14D
( 28
.param 131
 113
func_retval0 102
) 29
_Z15test 102
( 28
.param 131
 113
param_0 102
) 29
{ 7B
.reg 12D
= 113
%p 102
< 3C
106
> 3E
; 3B
.reg 12D
 113
%r 102
< 3C
106
> 3E
; 3B
ld 102
.param 131
 113
%r2 102
, 2C
[ 5B
param_0 102
] 5D
; 3B
setp 102
.128B 185
%p1 102
, 2C
%r2 102
, 2C
%r2 102
; 3B
@ 40
%p1 102
setp 102
.128x128b 182
%p1 102
, 2C
%r2 102
, 2C
%r2 102
; 3B
setp 102
.128x256b 182
%p1 102
, 2C
%r2 102
, 2C
%r2 102
; 3B
setp 102
.16x128b 182
%p1 102
, 2C
%r2 102
, 2C
%r2 102
; 3B
setp 102
.16x256b 182
%p1 102
, 2C
%r2 102
, 2C
%r2 102
; 3B
setp 102
.16x32bx2 182
%p1 102
, 2C
%r2 102
, 2C
%r2 102
; 3B
setp 102
.16x64b 182
%p1 102
, 2C
%r2 102
, 2C
%r2 102
; 3B
setp 102
.1d 136
%p1 102
, 2C
%r2 102
, 2C
%r2 102
; 3B
setp 102
.1d_buffer 134
%p1 102
, 2C
%r2 102
, 2C
%r2 102
; 3B
setp 102
.256B 185
%p1 102
, 2C
%r2 102
, 2C
%r2 102
; 3B
setp 102
.2d 136
%p1 102
, 2C
%r2 102
, 2C
%r2 102
; 3B
setp 102
.2dms 134
%p1 102
, 2C
%r2 102
, 2C
%r2 102
; 3B
setp 102
.32x128b 182
%p1 102
, 2C
%r2 102
, 2C
%r2 102
; 3B
setp 102
.32x32b 182
%p1 102
, 2C
%r2 102
, 2C
%r2 102
; 3B
setp 102
.3d 136
%p1 102
, 2C
%r2 102
, 2C
%r2 102
; 3B
setp 102
.4d 136
%p1 102
, 2C
%r2 102
, 2C
%r2 102
; 3B
setp 102
.4x256b 182
%p1 102
, 2C
%r2 102
, 2C
%r2 102
; 3B
setp 102
.5d 136
%p1 102
, 2C
%r2 102
, 2C
%r2 102
; 3B
setp 102
.64B 185
%p1 102
, 2C
%r2 102
, 2C
%r2 102
; 3B
setp 102
.64x128b 182
%p1 102
, 2C
%r2 102
, 2C
%r2 102
; 3B
setp 102
.L1 123
%p1 102
, 2C
%r2 102
, 2C
%r2 102
; 3B
setp 102
.L1::evict_first 18D
%p1 102
, 2C
%r2 102
, 2C
%r2 102
; 3B
setp 102
.L1::evict_last 18D
%p1 102
, 2C
%r2 102
, 2C
%r2 102
; 3B
setp 102
.L1::evict_normal 18D
%p1 102
, 2C
%r2 102
, 2C
%r2 102
; 3B
setp 102
.L1::evict_unchanged 18D
%p1 102
, 2C
%r2 102
, 2C
%r2 102
; 3B
setp 102
.L1::no_allocate 18D
%p1 102
, 2C
%r2 102
, 2C
%r2 102
; 3B
setp 102
.L2 123
%p1 102
, 2C
%r2 102
, 2C
%r2 102
; 3B
setp 102
.L2 123
.128B 185
%p1 102
, 2C
%r2 102
, 2C
%r2 102
; 3B
setp 102
.L2 123
.256B 185
%p1 102
, 2C
%r2 102
, 2C
%r2 102
; 3B
setp 102
.L2 123
.64B 185
%p1 102
, 2C
%r2 102
, 2C
%r2 102
; 3B
setp 102
.L2::evict_first 18D
%p1 102
, 2C
%r2 102
, 2C
%r2 102
; 3B
setp 102
.L2::evict_last 18D
%p1 102
, 2C
%r2 102
, 2C
%r2 102
; 3B
setp 102
.L2::evict_normal 18D
%p1 102
, 2C
%r2 102
, 2C
%r2 102
; 3B
setp 102
.L2::evict_unchanged 18D
%p1 102
, 2C
%r2 102
, 2C
%r2 102
; 3B
setp 102
.L2::no_allocate 18D
%p1 102
, 2C
%r2 102
, 2C
%r2 102
; 3B
setp 102
.NaN 16D
%p1 102
, 2C
%r2 102
, 2C
%r2 102
; 3B
setp 102
.a 103
%p1 102
, 2C
%r2 102
, 2C
%r2 102
; 3B
setp 102
.a1d 134
%p1 102
, 2C
%r2 102
, 2C
%r2 102
; 3B
setp 102
.a2d 134
%p1 102
, 2C
%r2 102
, 2C
%r2 102
; 3B
setp 102
.a2dms 134
%p1 102
, 2C
%r2 102
, 2C
%r2 102
; 3B
setp 102
.abs 19C
%p1 102
, 2C
%r2 102
, 2C
%r2 102
; 3B
setp 102
.acc::f16 1A0
%p1 102
, 2C
%r2 102
, 2C
%r2 102
; 3B
setp 102
.acc::f32 1A0
%p1 102
, 2C
%r2 102
, 2C
%r2 102
; 3B
setp 102
.acq_rel 169
%p1 102
, 2C
%r2 102
, 2C
%r2 102
; 3B
setp 102
.acquire 169
%p1 102
, 2C
%r2 102
, 2C
%r2 102
; 3B
setp 102
.acube 134
%p1 102
, 2C
%r2 102
, 2C
%r2 102
; 3B
setp 102
.add 144
%p1 102
, 2C
%r2 102
, 2C
%r2 102
; 3B
setp 102
.addr_mode_0 135
%p1 102
, 2C
%r2 102
, 2C
%r2 102
; 3B
setp 102
.addr_mode_1 135
%p1 102
, 2C
%r2 102
, 2C
%r2 102
; 3B
setp 102
.addr_mode_2 135
%p1 102
, 2C
%r2 102
, 2C
%r2 102
; 3B
setp 102
.alias 15D
%p1 102
, 2C
%r2 102
, 2C
%r2 102
; 3B
setp 102
.aligned 148
%p1 102
, 2C
%r2 102
, 2C
%r2 102
; 3B
setp 102
.all 149
%p1 102
, 2C
%r2 102
, 2C
%r2 102
; 3B
setp 102
.alloc 103
%p1 102
, 2C
%r2 102
, 2C
%r2 102
; 3B
setp 102
.and 142
%p1 102
, 2C
%r2 102
, 2C
%r2 102
; 3B
setp 102
.any 149
%p1 102
, 2C
%r2 102
, 2C
%r2 102
; 3B
setp 102
.approx 161
%p1 102
, 2C
%r2 102
, 2C
%r2 102
; 3B
setp 102
.array_size 135
%p1 102
, 2C
%r2 102
, 2C
%r2 102
; 3B
setp 102
.asc::b32 19F
%p1 102
, 2C
%r2 102
, 2C
%r2 102
; 3B
setp 102
.asc::b64 19F
%p1 102
, 2C
%r2 102
, 2C
%r2 102
; 3B
setp 102
.ashift 103
%p1 102
, 2C
%r2 102
, 2C
%r2 102
; 3B
setp 102
.async 103
%p1 102
, 2C
%r2 102
, 2C
%r2 102
; 3B
setp 102
.async::generic 1A3
%p1 102
, 2C
%r2 102
, 2C
%r2 102
; 3B
setp 102
.b 103
%p1 102
, 2C
%r2 102
, 2C
%r2 102
; 3B
setp 102
.b1 103
%p1 102
, 2C
%r2 102
, 2C
%r2 102
; 3B
setp 102
.b1024 1A2
%p1 102
, 2C
%r2 102
, 2C
%r2 102
; 3B
setp 102
 113
%p1 102
, 2C
%r2 102
, 2C
%r2 102
; 3B
setp 102
.b2 103
%p1 102
, 2C
%r2 102
, 2C
%r2 102
; 3B
setp 102
 113
%p1 102
, 2C
%r2 102
, 2C
%r2 102
; 3B
setp 102
.b4 103
%p1 102
, 2C
%r2 102
, 2C
%r2 102
; 3B
setp 102
.b4e 127
%p1 102
, 2C
%r2 102
, 2C
%r2 102
; 3B
setp 102
.b4x16_p64 103
%p1 102
, 2C
%r2 102
, 2C
%r2 102
; 3B
setp 102
 113
%p1 102
, 2C
%r2 102
, 2C
%r2 102
; 3B
setp 102
.b6x16_p32 103
%p1 102
, 2C
%r2 102
, 2C
%r2 102
; 3B
setp 102
 113
%p1 102
, 2C
%r2 102
, 2C
%r2 102
; 3B
setp 102
.b8x16 103
%p1 102
, 2C
%r2 102
, 2C
%r2 102
; 3B
setp 102
.ballot 160
%p1 102
, 2C
%r2 102
, 2C
%r2 102
; 3B
setp 102
.bf16 194
%p1 102
, 2C
%r2 102
, 2C
%r2 102
; 3B
setp 102
.bf16x2 194
%p1 102
, 2C
%r2 102
, 2C
%r2 102
; 3B
setp 102
.bfly 128
%p1 102
, 2C
%r2 102
, 2C
%r2 102
; 3B
setp 102
.block16 1A6
%p1 102
, 2C
%r2 102
, 2C
%r2 102
; 3B
setp 102
.block32 1A6
%p1 102
, 2C
%r2 102
, 2C
%r2 102
; 3B
setp 102
.block_scale 103
%p1 102
, 2C
%r2 102
, 2C
%r2 102
; 3B
setp 102
.box_dim 1A1
%p1 102
, 2C
%r2 102
, 2C
%r2 102
; 3B
setp 102
.bulk_group 16E
%p1 102
, 2C
%r2 102
, 2C
%r2 102
; 3B
setp 102
.ca 122
%p1 102
, 2C
%r2 102
, 2C
%r2 102
; 3B
setp 102
.cas 143
%p1 102
, 2C
%r2 102
, 2C
%r2 102
; 3B
setp 102
.cc 167
%p1 102
, 2C
%r2 102
, 2C
%r2 102
; 3B
setp 102
.cg 122
%p1 102
, 2C
%r2 102
, 2C
%r2 102
; 3B
setp 102
.channel_data_type 135
%p1 102
, 2C
%r2 102
, 2C
%r2 102
; 3B
setp 102
.channel_order 135
%p1 102
, 2C
%r2 102
, 2C
%r2 102
; 3B
setp 102
.clamp 124
%p1 102
, 2C
%r2 102
, 2C
%r2 102
; 3B
setp 102
.close 14B
%p1 102
, 2C
%r2 102
, 2C
%r2 102
; 3B
setp 102
.cluster 151
%p1 102
, 2C
%r2 102
, 2C
%r2 102
; 3B
setp 102
.clustershared 103
%p1 102
, 2C
%r2 102
, 2C
%r2 102
; 3B
setp 102
.coarse 12C
%p1 102
, 2C
%r2 102
, 2C
%r2 102
; 3B
setp 102
.col 183
%p1 102
, 2C
%r2 102
, 2C
%r2 102
; 3B
setp 102
.collector::a::discard 103
%p1 102
, 2C
%r2 102
, 2C
%r2 102
; 3B
setp 102
.collector::a::fill 103
%p1 102
, 2C
%r2 102
, 2C
%r2 102
; 3B
setp 102
.collector::a::lastuse 103
%p1 102
, 2C
%r2 102
, 2C
%r2 102
; 3B
setp 102
.collector::a::use 103
%p1 102
, 2C
%r2 102
, 2C
%r2 102
; 3B
setp 102
.collector::b0::discard 103
%p1 102
, 2C
%r2 102
, 2C
%r2 102
; 3B
setp 102
.collector::b0::fill 103
%p1 102
, 2C
%r2 102
, 2C
%r2 102
; 3B
setp 102
.collector::b0::lastuse 103
%p1 102
, 2C
%r2 102
, 2C
%r2 102
; 3B
setp 102
.collector::b0::use 103
%p1 102
, 2C
%r2 102
, 2C
%r2 102
; 3B
setp 102
.collector::b1::discard 103
%p1 102
, 2C
%r2 102
, 2C
%r2 102
; 3B
setp 102
.collector::b1::fill 103
%p1 102
, 2C
%r2 102
, 2C
%r2 102
; 3B
setp 102
.collector::b1::lastuse 103
%p1 102
, 2C
%r2 102
, 2C
%r2 102
; 3B
setp 102
.collector::b1::use 103
%p1 102
, 2C
%r2 102
, 2C
%r2 102
; 3B
setp 102
.collector::b2::discard 103
%p1 102
, 2C
%r2 102
, 2C
%r2 102
; 3B
setp 102
.collector::b2::fill 103
%p1 102
, 2C
%r2 102
, 2C
%r2 102
; 3B
setp 102
.collector::b2::lastuse 103
%p1 102
, 2C
%r2 102
, 2C
%r2 102
; 3B
setp 102
.collector::b2::use 103
%p1 102
, 2C
%r2 102
, 2C
%r2 102
; 3B
setp 102
.collector::b3::discard 103
%p1 102
, 2C
%r2 102
, 2C
%r2 102
; 3B
setp 102
.collector::b3::fill 103
%p1 102
, 2C
%r2 102
, 2C
%r2 102
; 3B
setp 102
.collector::b3::lastuse 103
%p1 102
, 2C
%r2 102
, 2C
%r2 102
; 3B
setp 102
.collector::b3::use 103
%p1 102
, 2C
%r2 102
, 2C
%r2 102
; 3B
setp 102
.collector::b::discard 103
%p1 102
, 2C
%r2 102
, 2C
%r2 102
; 3B
setp 102
.collector::b::fill 103
%p1 102
, 2C
%r2 102
, 2C
%r2 102
; 3B
setp 102
.collector::b::lastuse 103
%p1 102
, 2C
%r2 102
, 2C
%r2 102
; 3B
setp 102
.collector::b::use 103
%p1 102
, 2C
%r2 102
, 2C
%r2 102
; 3B
setp 102
.conv 146
%p1 102
, 2C
%r2 102
, 2C
%r2 102
; 3B
setp 102
.cp 103
%p1 102
, 2C
%r2 102
, 2C
%r2 102
; 3B
setp 102
.cp_mask 103
%p1 102
, 2C
%r2 102
, 2C
%r2 102
; 3B
setp 102
.cs 122
%p1 102
, 2C
%r2 102
, 2C
%r2 102
; 3B
setp 102
.cta 151
%p1 102
, 2C
%r2 102
, 2C
%r2 102
; 3B
setp 102
.cta1 103
%p1 102
, 2C
%r2 102
, 2C
%r2 102
; 3B
setp 102
.cta2 103
%p1 102
, 2C
%r2 102
, 2C
%r2 102
; 3B
setp 102
.cta_group::1 103
%p1 102
, 2C
%r2 102
, 2C
%r2 102
; 3B
setp 102
.cta_group::2 103
%p1 102
, 2C
%r2 102
, 2C
%r2 102
; 3B
setp 102
.cube 134
%p1 102
, 2C
%r2 102
, 2C
%r2 102
; 3B
setp 102
.cv 122
%p1 102
, 2C
%r2 102
, 2C
%r2 102
; 3B
setp 102
.dealloc 103
%p1 102
, 2C
%r2 102
, 2C
%r2 102
; 3B
setp 102
.dec 143
%p1 102
, 2C
%r2 102
, 2C
%r2 102
; 3B
setp 102
.depth 135
%p1 102
, 2C
%r2 102
, 2C
%r2 102
; 3B
setp 102
.desc 103
%p1 102
, 2C
%r2 102
, 2C
%r2 102
; 3B
setp 102
.div 146
%p1 102
, 2C
%r2 102
, 2C
%r2 102
; 3B
setp 102
.down 16F
%p1 102
, 2C
%r2 102
, 2C
%r2 102
; 3B
setp 102
.dual 14A
%p1 102
, 2C
%r2 102
, 2C
%r2 102
; 3B
setp 102
.e0m3 103
%p1 102
, 2C
%r2 102
, 2C
%r2 102
; 3B
setp 102
.e0m3x2 103
%p1 102
, 2C
%r2 102
, 2C
%r2 102
; 3B
setp 102
.e0m3x4 103
%p1 102
, 2C
%r2 102
, 2C
%r2 102
; 3B
setp 102
.e2m1 103
%p1 102
, 2C
%r2 102
, 2C
%r2 102
; 3B
setp 102
$ 113
%p1 102
, 2C
%r2 102
, 2C
%r2 102
; 3B
setp 102
3 113
%p1 102
, 2C
%r2 102
, 2C
%r2 102
; 3B
setp 102
.e2m3 103
%p1 102
, 2C
%r2 102
, 2C
%r2 102
; 3B
setp 102
% 113
%p1 102
, 2C
%r2 102
, 2C
%r2 102
; 3B
setp 102
0 113
%p1 102
, 2C
%r2 102
, 2C
%r2 102
; 3B
setp 102
.e3m2 103
%p1 102
, 2C
%r2 102
, 2C
%r2 102
; 3B
setp 102
& 113
%p1 102
, 2C
%r2 102
, 2C
%r2 102
; 3B
setp 102
1 113
%p1 102
, 2C
%r2 102
, 2C
%r2 102
; 3B
setp 102
.e3m4 103
%p1 102
, 2C
%r2 102
, 2C
%r2 102
; 3B
setp 102
.e3m4x2 103
%p1 102
, 2C
%r2 102
, 2C
%r2 102
; 3B
setp 102
.e3m4x4 103
%p1 102
, 2C
%r2 102
, 2C
%r2 102
; 3B
setp 102
 113
%p1 102
, 2C
%r2 102
, 2C
%r2 102
; 3B
setp 102
' 113
%p1 102
, 2C
%r2 102
, 2C
%r2 102
; 3B
setp 102
- 113
%p1 102
, 2C
%r2 102
, 2C
%r2 102
; 3B
setp 102
 113
%p1 102
, 2C
%r2 102
, 2C
%r2 102
; 3B
setp 102
( 113
%p1 102
, 2C
%r2 102
, 2C
%r2 102
; 3B
setp 102
. 113
%p1 102
, 2C
%r2 102
, 2C
%r2 102
; 3B
setp 102
.ecl 127
%p1 102
, 2C
%r2 102
, 2C
%r2 102
; 3B
setp 102
.ecr 127
%p1 102
, 2C
%r2 102
, 2C
%r2 102
; 3B
setp 102
.element_stride 1A1
%p1 102
, 2C
%r2 102
, 2C
%r2 102
; 3B
setp 102
.elemtype 1A1
%p1 102
, 2C
%r2 102
, 2C
%r2 102
; 3B
setp 102
.enaq 103
%p1 102
, 2C
%r2 102
, 2C
%r2 102
; 3B
setp 102
.eq 140
%p1 102
, 2C
%r2 102
, 2C
%r2 102
; 3B
setp 102
.equ 140
%p1 102
, 2C
%r2 102
, 2C
%r2 102
; 3B
setp 102
.exch 143
%p1 102
, 2C
%r2 102
, 2C
%r2 102
; 3B
setp 102
.exclusive 186
%p1 102
, 2C
%r2 102
, 2C
%r2 102
; 3B
setp 102
.expand 196
%p1 102
, 2C
%r2 102
, 2C
%r2 102
; 3B
setp 102
5 113
%p1 102
, 2C
%r2 102
, 2C
%r2 102
; 3B
setp 102
9 113
%p1 102
, 2C
%r2 102
, 2C
%r2 102
; 3B
setp 102
; 113
%p1 102
, 2C
%r2 102
, 2C
%r2 102
; 3B
setp 102
.f4e 127
%p1 102
, 2C
%r2 102
, 2C
%r2 102
; 3B
setp 102
< 113
%p1 102
, 2C
%r2 102
, 2C
%r2 102
; 3B
setp 102
.f8k4 103
%p1 102
, 2C
%r2 102
, 2C
%r2 102
; 3B
setp 102
.fc 103
%p1 102
, 2C
%r2 102
, 2C
%r2 102
; 3B
setp 102
.fc::2gb4 103
%p1 102
, 2C
%r2 102
, 2C
%r2 102
; 3B
setp 102
.fill_mode 1A1
%p1 102
, 2C
%r2 102
, 2C
%r2 102
; 3B
setp 102
.filter_mode 135
%p1 102
, 2C
%r2 102
, 2C
%r2 102
; 3B
setp 102
.finite 121
%p1 102
, 2C
%r2 102
, 2C
%r2 102
; 3B
setp 102
.footprint 12B
%p1 102
, 2C
%r2 102
, 2C
%r2 102
; 3B
setp 102
.force_unnormalized_coords 135
%p1 102
, 2C
%r2 102
, 2C
%r2 102
; 3B
setp 102
.frd 103
%p1 102
, 2C
%r2 102
, 2C
%r2 102
; 3B
setp 102
.frel 103
%p1 102
, 2C
%r2 102
, 2C
%r2 102
; 3B
setp 102
.ftz 163
%p1 102
, 2C
%r2 102
, 2C
%r2 102
; 3B
setp 102
.g 103
%p1 102
, 2C
%r2 102
, 2C
%r2 102
; 3B
setp 102
.gather4 103
%p1 102
, 2C
%r2 102
, 2C
%r2 102
; 3B
setp 102
.ge 140
%p1 102
, 2C
%r2 102
, 2C
%r2 102
; 3B
setp 102
.get_first_ctaid 103
%p1 102
, 2C
%r2 102
, 2C
%r2 102
; 3B
setp 102
.get_first_ctaid::x 103
%p1 102
, 2C
%r2 102
, 2C
%r2 102
; 3B
setp 102
.get_first_ctaid::y 103
%p1 102
, 2C
%r2 102
, 2C
%r2 102
; 3B
setp 102
.get_first_ctaid::z 103
%p1 102
, 2C
%r2 102
, 2C
%r2 102
; 3B
setp 102
.geu 140
%p1 102
, 2C
%r2 102
, 2C
%r2 102
; 3B
setp 102
.gl 151
%p1 102
, 2C
%r2 102
, 2C
%r2 102
; 3B
setp 102
.global_address 1A1
%p1 102
, 2C
%r2 102
, 2C
%r2 102
; 3B
setp 102
.global_dim 1A1
%p1 102
, 2C
%r2 102
, 2C
%r2 102
; 3B
setp 102
.global_stride 1A1
%p1 102
, 2C
%r2 102
, 2C
%r2 102
; 3B
setp 102
.gpu 151
%p1 102
, 2C
%r2 102
, 2C
%r2 102
; 3B
setp 102
.gt 140
%p1 102
, 2C
%r2 102
, 2C
%r2 102
; 3B
setp 102
.gtu 140
%p1 102
, 2C
%r2 102
, 2C
%r2 102
; 3B
setp 102
.h8k4 103
%p1 102
, 2C
%r2 102
, 2C
%r2 102
; 3B
setp 102
.height 135
%p1 102
, 2C
%r2 102
, 2C
%r2 102
; 3B
setp 102
.hi 140
%p1 102
, 2C
%r2 102
, 2C
%r2 102
; 3B
setp 102
.hs 140
%p1 102
, 2C
%r2 102
, 2C
%r2 102
; 3B
setp 102
.idx 128
%p1 102
, 2C
%r2 102
, 2C
%r2 102
; 3B
setp 102
.ignoreC 18B
%p1 102
, 2C
%r2 102
, 2C
%r2 102
; 3B
setp 102
.ignoreC_pred 18C
%p1 102
, 2C
%r2 102
, 2C
%r2 102
; 3B
setp 102
.im2col 103
%p1 102
, 2C
%r2 102
, 2C
%r2 102
; 3B
setp 102
.im2col::w 103
%p1 102
, 2C
%r2 102
, 2C
%r2 102
; 3B
setp 102
.im2col::w::128 103
%p1 102
, 2C
%r2 102
, 2C
%r2 102
; 3B
setp 102
.im2col_no_offs 103
%p1 102
, 2C
%r2 102
, 2C
%r2 102
; 3B
setp 102
.im2col_no_offs::w 103
%p1 102
, 2C
%r2 102
, 2C
%r2 102
; 3B
setp 102
.inc 143
%p1 102
, 2C
%r2 102
, 2C
%r2 102
; 3B
setp 102
.infinite 121
%p1 102
, 2C
%r2 102
, 2C
%r2 102
; 3B
setp 102
.interleave_layout 1A1
%p1 102
, 2C
%r2 102
, 2C
%r2 102
; 3B
setp 102
.inv 122
%p1 102
, 2C
%r2 102
, 2C
%r2 102
; 3B
setp 102
.invall 122
%p1 102
, 2C
%r2 102
, 2C
%r2 102
; 3B
setp 102
.is_canceled 103
%p1 102
, 2C
%r2 102
, 2C
%r2 102
; 3B
setp 102
.keeprefcount 103
%p1 102
, 2C
%r2 102
, 2C
%r2 102
; 3B
setp 102
.kind::f16 103
%p1 102
, 2C
%r2 102
, 2C
%r2 102
; 3B
setp 102
.kind::f8f6f4 103
%p1 102
, 2C
%r2 102
, 2C
%r2 102
; 3B
setp 102
.kind::fp16 103
%p1 102
, 2C
%r2 102
, 2C
%r2 102
; 3B
setp 102
.kind::fp4 103
%p1 102
, 2C
%r2 102
, 2C
%r2 102
; 3B
setp 102
.kind::fp8 103
%p1 102
, 2C
%r2 102
, 2C
%r2 102
; 3B
setp 102
.kind::i8 103
%p1 102
, 2C
%r2 102
, 2C
%r2 102
; 3B
setp 102
.kind::int8 103
%p1 102
, 2C
%r2 102
, 2C
%r2 102
; 3B
setp 102
.kind::mx8 103
%p1 102
, 2C
%r2 102
, 2C
%r2 102
; 3B
setp 102
.kind::mxf4 103
%p1 102
, 2C
%r2 102
, 2C
%r2 102
; 3B
setp 102
.kind::mxf4nvf4 103
%p1 102
, 2C
%r2 102
, 2C
%r2 102
; 3B
setp 102
.kind::mxf8f6f4 103
%p1 102
, 2C
%r2 102
, 2C
%r2 102
; 3B
setp 102
.kind::mxint8 103
%p1 102
, 2C
%r2 102
, 2C
%r2 102
; 3B
setp 102
.kind::nvf4 103
%p1 102
, 2C
%r2 102
, 2C
%r2 102
; 3B
setp 102
.kind::tf32 103
%p1 102
, 2C
%r2 102
, 2C
%r2 102
; 3B
setp 102
.kind::ti16 103
%p1 102
, 2C
%r2 102
, 2C
%r2 102
; 3B
setp 102
.launch_dependents 103
%p1 102
, 2C
%r2 102
, 2C
%r2 102
; 3B
setp 102
.ld 103
%p1 102
, 2C
%r2 102
, 2C
%r2 102
; 3B
setp 102
.le 140
%p1 102
, 2C
%r2 102
, 2C
%r2 102
; 3B
setp 102
.leu 140
%p1 102
, 2C
%r2 102
, 2C
%r2 102
; 3B
setp 102
.lo 140
%p1 102
, 2C
%r2 102
, 2C
%r2 102
; 3B
setp 102
.lower::16b 195
%p1 102
, 2C
%r2 102
, 2C
%r2 102
; 3B
setp 102
.ls 140
%p1 102
, 2C
%r2 102
, 2C
%r2 102
; 3B
setp 102
.lt 140
%p1 102
, 2C
%r2 102
, 2C
%r2 102
; 3B
setp 102
.ltu 140
%p1 102
, 2C
%r2 102
, 2C
%r2 102
; 3B
setp 102
.lu 122
%p1 102
, 2C
%r2 102
, 2C
%r2 102
; 3B
setp 102
.m16n16 182
%p1 102
, 2C
%r2 102
, 2C
%r2 102
; 3B
setp 102
.m16n16k16 182
%p1 102
, 2C
%r2 102
, 2C
%r2 102
; 3B
setp 102
.m16n16k8 182
%p1 102
, 2C
%r2 102
, 2C
%r2 102
; 3B
setp 102
.m16n8 182
%p1 102
, 2C
%r2 102
, 2C
%r2 102
; 3B
setp 102
.m16n8k128 182
%p1 102
, 2C
%r2 102
, 2C
%r2 102
; 3B
setp 102
.m16n8k16 182
%p1 102
, 2C
%r2 102
, 2C
%r2 102
; 3B
setp 102
.m16n8k256 182
%p1 102
, 2C
%r2 102
, 2C
%r2 102
; 3B
setp 102
.m16n8k32 182
%p1 102
, 2C
%r2 102
, 2C
%r2 102
; 3B
setp 102
.m16n8k4 182
%p1 102
, 2C
%r2 102
, 2C
%r2 102
; 3B
setp 102
.m16n8k64 182
%p1 102
, 2C
%r2 102
, 2C
%r2 102
; 3B
setp 102
.m16n8k8 182
%p1 102
, 2C
%r2 102
, 2C
%r2 102
; 3B
setp 102
.m32n8k16 182
%p1 102
, 2C
%r2 102
, 2C
%r2 102
; 3B
setp 102
.m64n104k16 182
%p1 102
, 2C
%r2 102
, 2C
%r2 102
; 3B
setp 102
.m64n104k32 182
%p1 102
, 2C
%r2 102
, 2C
%r2 102
; 3B
setp 102
.m64n104k64 182
%p1 102
, 2C
%r2 102
, 2C
%r2 102
; 3B
setp 102
.m64n104k8 182
%p1 102
, 2C
%r2 102
, 2C
%r2 102
; 3B
setp 102
.m64n112k16 182
%p1 102
, 2C
%r2 102
, 2C
%r2 102
; 3B
setp 102
.m64n112k256 182
%p1 102
, 2C
%r2 102
, 2C
%r2 102
; 3B
setp 102
.m64n112k32 182
%p1 102
, 2C
%r2 102
, 2C
%r2 102
; 3B
setp 102
.m64n112k64 182
%p1 102
, 2C
%r2 102
, 2C
%r2 102
; 3B
setp 102
.m64n112k8 182
%p1 102
, 2C
%r2 102
, 2C
%r2 102
; 3B
setp 102
.m64n120k16 182
%p1 102
, 2C
%r2 102
, 2C
%r2 102
; 3B
setp 102
.m64n120k32 182
%p1 102
, 2C
%r2 102
, 2C
%r2 102
; 3B
setp 102
.m64n120k64 182
%p1 102
, 2C
%r2 102
, 2C
%r2 102
; 3B
setp 102
.m64n120k8 182
%p1 102
, 2C
%r2 102
, 2C
%r2 102
; 3B
setp 102
.m64n128k16 182
%p1 102
, 2C
%r2 102
, 2C
%r2 102
; 3B
setp 102
.m64n128k256 182
%p1 102
, 2C
%r2 102
, 2C
%r2 102
; 3B
setp 102
.m64n128k32 182
%p1 102
, 2C
%r2 102
, 2C
%r2 102
; 3B
setp 102
.m64n128k64 182
%p1 102
, 2C
%r2 102
, 2C
%r2 102
; 3B
setp 102
.m64n128k8 182
%p1 102
, 2C
%r2 102
, 2C
%r2 102
; 3B
setp 102
.m64n136k16 182
%p1 102
, 2C
%r2 102
, 2C
%r2 102
; 3B
setp 102
.m64n136k32 182
%p1 102
, 2C
%r2 102
, 2C
%r2 102
; 3B
setp 102
.m64n136k64 182
%p1 102
, 2C
%r2 102
, 2C
%r2 102
; 3B
setp 102
.m64n136k8 182
%p1 102
, 2C
%r2 102
, 2C
%r2 102
; 3B
setp 102
.m64n144k16 182
%p1 102
, 2C
%r2 102
, 2C
%r2 102
; 3B
setp 102
.m64n144k256 182
%p1 102
, 2C
%r2 102
, 2C
%r2 102
; 3B
setp 102
.m64n144k32 182
%p1 102
, 2C
%r2 102
, 2C
%r2 102
; 3B
setp 102
.m64n144k64 182
%p1 102
, 2C
%r2 102
, 2C
%r2 102
; 3B
setp 102
.m64n144k8 182
%p1 102
, 2C
%r2 102
, 2C
%r2 102
; 3B
setp 102
.m64n152k16 182
%p1 102
, 2C
%r2 102
, 2C
%r2 102
; 3B
setp 102
.m64n152k32 182
%p1 102
, 2C
%r2 102
, 2C
%r2 102
; 3B
setp 102
.m64n152k64 182
%p1 102
, 2C
%r2 102
, 2C
%r2 102
; 3B
setp 102
.m64n152k8 182
%p1 102
, 2C
%r2 102
, 2C
%r2 102
; 3B
setp 102
.m64n160k16 182
%p1 102
, 2C
%r2 102
, 2C
%r2 102
; 3B
setp 102
.m64n160k256 182
%p1 102
, 2C
%r2 102
, 2C
%r2 102
; 3B
setp 102
.m64n160k32 182
%p1 102
, 2C
%r2 102
, 2C
%r2 102
; 3B
setp 102
.m64n160k64 182
%p1 102
, 2C
%r2 102
, 2C
%r2 102
; 3B
setp 102
.m64n160k8 182
%p1 102
, 2C
%r2 102
, 2C
%r2 102
; 3B
setp 102
.m64n168k16 182
%p1 102
, 2C
%r2 102
, 2C
%r2 102
; 3B
setp 102
.m64n168k32 182
%p1 102
, 2C
%r2 102
, 2C
%r2 102
; 3B
setp 102
.m64n168k64 182
%p1 102
, 2C
%r2 102
, 2C
%r2 102
; 3B
setp 102
.m64n168k8 182
%p1 102
, 2C
%r2 102
, 2C
%r2 102
; 3B
setp 102
.m64n16k16 182
%p1 102
, 2C
%r2 102
, 2C
%r2 102
; 3B
setp 102
.m64n16k256 182
%p1 102
, 2C
%r2 102
, 2C
%r2 102
; 3B
setp 102
.m64n16k32 182
%p1 102
, 2C
%r2 102
, 2C
%r2 102
; 3B
setp 102
.m64n16k64 182
%p1 102
, 2C
%r2 102
, 2C
%r2 102
; 3B
setp 102
.m64n16k8 182
%p1 102
, 2C
%r2 102
, 2C
%r2 102
; 3B
setp 102
.m64n176k16 182
%p1 102
, 2C
%r2 102
, 2C
%r2 102
; 3B
setp 102
.m64n176k256 182
%p1 102
, 2C
%r2 102
, 2C
%r2 102
; 3B
setp 102
.m64n176k32 182
%p1 102
, 2C
%r2 102
, 2C
%r2 102
; 3B
setp 102
.m64n176k64 182
%p1 102
, 2C
%r2 102
, 2C
%r2 102
; 3B
setp 102
.m64n176k8 182
%p1 102
, 2C
%r2 102
, 2C
%r2 102
; 3B
setp 102
.m64n184k16 182
%p1 102
, 2C
%r2 102
, 2C
%r2 102
; 3B
setp 102
.m64n184k32 182
%p1 102
, 2C
%r2 102
, 2C
%r2 102
; 3B
setp 102
.m64n184k64 182
%p1 102
, 2C
%r2 102
, 2C
%r2 102
; 3B
setp 102
.m64n184k8 182
%p1 102
, 2C
%r2 102
, 2C
%r2 102
; 3B
setp 102
.m64n192k16 182
%p1 102
, 2C
%r2 102
, 2C
%r2 102
; 3B
setp 102
.m64n192k256 182
%p1 102
, 2C
%r2 102
, 2C
%r2 102
; 3B
setp 102
.m64n192k32 182
%p1 102
, 2C
%r2 102
, 2C
%r2 102
; 3B
setp 102
.m64n192k64 182
%p1 102
, 2C
%r2 102
, 2C
%r2 102
; 3B
setp 102
.m64n192k8 182
%p1 102
, 2C
%r2 102
, 2C
%r2 102
; 3B
setp 102
.m64n200k16 182
%p1 102
, 2C
%r2 102
, 2C
%r2 102
; 3B
setp 102
.m64n200k32 182
%p1 102
, 2C
%r2 102
, 2C
%r2 102
; 3B
setp 102
.m64n200k64 182
%p1 102
, 2C
%r2 102
, 2C
%r2 102
; 3B
setp 102
.m64n200k8 182
%p1 102
, 2C
%r2 102
, 2C
%r2 102
; 3B
setp 102
.m64n208k16 182
%p1 102
, 2C
%r2 102
, 2C
%r2 102
; 3B
setp 102
.m64n208k256 182
%p1 102
, 2C
%r2 102
, 2C
%r2 102
; 3B
setp 102
.m64n208k32 182
%p1 102
, 2C
%r2 102
, 2C
%r2 102
; 3B
setp 102
.m64n208k64 182
%p1 102
, 2C
%r2 102
, 2C
%r2 102
; 3B
setp 102
.m64n208k8 182
%p1 102
, 2C
%r2 102
, 2C
%r2 102
; 3B
setp 102
.m64n216k16 182
%p1 102
, 2C
%r2 102
, 2C
%r2 102
; 3B
setp 102
.m64n216k32 182
%p1 102
, 2C
%r2 102
, 2C
%r2 102
; 3B
setp 102
.m64n216k64 182
%p1 102
, 2C
%r2 102
, 2C
%r2 102
; 3B
setp 102
.m64n216k8 182
%p1 102
, 2C
%r2 102
, 2C
%r2 102
; 3B
setp 102
.m64n224k16 182
%p1 102
, 2C
%r2 102
, 2C
%r2 102
; 3B
setp 102
.m64n224k256 182
%p1 102
, 2C
%r2 102
, 2C
%r2 102
; 3B
setp 102
.m64n224k32 182
%p1 102
, 2C
%r2 102
, 2C
%r2 102
; 3B
setp 102
.m64n224k64 182
%p1 102
, 2C
%r2 102
, 2C
%r2 102
; 3B
setp 102
.m64n224k8 182
%p1 102
, 2C
%r2 102
, 2C
%r2 102
; 3B
setp 102
.m64n232k16 182
%p1 102
, 2C
%r2 102
, 2C
%r2 102
; 3B
setp 102
.m64n232k32 182
%p1 102
, 2C
%r2 102
, 2C
%r2 102
; 3B
setp 102
.m64n232k64 182
%p1 102
, 2C
%r2 102
, 2C
%r2 102
; 3B
setp 102
.m64n232k8 182
%p1 102
, 2C
%r2 102
, 2C
%r2 102
; 3B
setp 102
.m64n240k16 182
%p1 102
, 2C
%r2 102
, 2C
%r2 102
; 3B
setp 102
.m64n240k256 182
%p1 102
, 2C
%r2 102
, 2C
%r2 102
; 3B
setp 102
.m64n240k32 182
%p1 102
, 2C
%r2 102
, 2C
%r2 102
; 3B
setp 102
.m64n240k64 182
%p1 102
, 2C
%r2 102
, 2C
%r2 102
; 3B
setp 102
.m64n240k8 182
%p1 102
, 2C
%r2 102
, 2C
%r2 102
; 3B
setp 102
.m64n248k16 182
%p1 102
, 2C
%r2 102
, 2C
%r2 102
; 3B
setp 102
.m64n248k32 182
%p1 102
, 2C
%r2 102
, 2C
%r2 102
; 3B
setp 102
.m64n248k64 182
%p1 102
, 2C
%r2 102
, 2C
%r2 102
; 3B
setp 102
.m64n248k8 182
%p1 102
, 2C
%r2 102
, 2C
%r2 102
; 3B
setp 102
.m64n24k16 182
%p1 102
, 2C
%r2 102
, 2C
%r2 102
; 3B
setp 102
.m64n24k256 182
%p1 102
, 2C
%r2 102
, 2C
%r2 102
; 3B
setp 102
.m64n24k32 182
%p1 102
, 2C
%r2 102
, 2C
%r2 102
; 3B
setp 102
.m64n24k64 182
%p1 102
, 2C
%r2 102
, 2C
%r2 102
; 3B
setp 102
.m64n24k8 182
%p1 102
, 2C
%r2 102
, 2C
%r2 102
; 3B
setp 102
.m64n256k16 182
%p1 102
, 2C
%r2 102
, 2C
%r2 102
; 3B
setp 102
.m64n256k256 182
%p1 102
, 2C
%r2 102
, 2C
%r2 102
; 3B
setp 102
.m64n256k32 182
%p1 102
, 2C
%r2 102
, 2C
%r2 102
; 3B
setp 102
.m64n256k64 182
%p1 102
, 2C
%r2 102
, 2C
%r2 102
; 3B
setp 102
.m64n256k8 182
%p1 102
, 2C
%r2 102
, 2C
%r2 102
; 3B
setp 102
.m64n32k16 182
%p1 102
, 2C
%r2 102
, 2C
%r2 102
; 3B
setp 102
.m64n32k256 182
%p1 102
, 2C
%r2 102
, 2C
%r2 102
; 3B
setp 102
.m64n32k32 182
%p1 102
, 2C
%r2 102
, 2C
%r2 102
; 3B
setp 102
.m64n32k64 182
%p1 102
, 2C
%r2 102
, 2C
%r2 102
; 3B
setp 102
.m64n32k8 182
%p1 102
, 2C
%r2 102
, 2C
%r2 102
; 3B
setp 102
.m64n40k16 182
%p1 102
, 2C
%r2 102
, 2C
%r2 102
; 3B
setp 102
.m64n40k32 182
%p1 102
, 2C
%r2 102
, 2C
%r2 102
; 3B
setp 102
.m64n40k64 182
%p1 102
, 2C
%r2 102
, 2C
%r2 102
; 3B
setp 102
.m64n40k8 182
%p1 102
, 2C
%r2 102
, 2C
%r2 102
; 3B
setp 102
.m64n48k16 182
%p1 102
, 2C
%r2 102
, 2C
%r2 102
; 3B
setp 102
.m64n48k256 182
%p1 102
, 2C
%r2 102
, 2C
%r2 102
; 3B
setp 102
.m64n48k32 182
%p1 102
, 2C
%r2 102
, 2C
%r2 102
; 3B
setp 102
.m64n48k64 182
%p1 102
, 2C
%r2 102
, 2C
%r2 102
; 3B
setp 102
.m64n48k8 182
%p1 102
, 2C
%r2 102
, 2C
%r2 102
; 3B
setp 102
.m64n56k16 182
%p1 102
, 2C
%r2 102
, 2C
%r2 102
; 3B
setp 102
.m64n56k32 182
%p1 102
, 2C
%r2 102
, 2C
%r2 102
; 3B
setp 102
.m64n56k64 182
%p1 102
, 2C
%r2 102
, 2C
%r2 102
; 3B
setp 102
.m64n56k8 182
%p1 102
, 2C
%r2 102
, 2C
%r2 102
; 3B
setp 102
.m64n64k16 182
%p1 102
, 2C
%r2 102
, 2C
%r2 102
; 3B
setp 102
.m64n64k256 182
%p1 102
, 2C
%r2 102
, 2C
%r2 102
; 3B
setp 102
.m64n64k32 182
%p1 102
, 2C
%r2 102
, 2C
%r2 102
; 3B
setp 102
.m64n64k64 182
%p1 102
, 2C
%r2 102
, 2C
%r2 102
; 3B
setp 102
.m64n64k8 182
%p1 102
, 2C
%r2 102
, 2C
%r2 102
; 3B
setp 102
.m64n72k16 182
%p1 102
, 2C
%r2 102
, 2C
%r2 102
; 3B
setp 102
.m64n72k32 182
%p1 102
, 2C
%r2 102
, 2C
%r2 102
; 3B
setp 102
.m64n72k64 182
%p1 102
, 2C
%r2 102
, 2C
%r2 102
; 3B
setp 102
.m64n72k8 182
%p1 102
, 2C
%r2 102
, 2C
%r2 102
; 3B
setp 102
.m64n80k16 182
%p1 102
, 2C
%r2 102
, 2C
%r2 102
; 3B
setp 102
.m64n80k256 182
%p1 102
, 2C
%r2 102
, 2C
%r2 102
; 3B
setp 102
.m64n80k32 182
%p1 102
, 2C
%r2 102
, 2C
%r2 102
; 3B
setp 102
.m64n80k64 182
%p1 102
, 2C
%r2 102
, 2C
%r2 102
; 3B
setp 102
.m64n80k8 182
%p1 102
, 2C
%r2 102
, 2C
%r2 102
; 3B
setp 102
.m64n88k16 182
%p1 102
, 2C
%r2 102
, 2C
%r2 102
; 3B
setp 102
.m64n88k32 182
%p1 102
, 2C
%r2 102
, 2C
%r2 102
; 3B
setp 102
.m64n88k64 182
%p1 102
, 2C
%r2 102
, 2C
%r2 102
; 3B
setp 102
.m64n88k8 182
%p1 102
, 2C
%r2 102
, 2C
%r2 102
; 3B
setp 102
.m64n8k16 182
%p1 102
, 2C
%r2 102
, 2C
%r2 102
; 3B
setp 102
.m64n8k256 182
%p1 102
, 2C
%r2 102
, 2C
%r2 102
; 3B
setp 102
.m64n8k32 182
%p1 102
, 2C
%r2 102
, 2C
%r2 102
; 3B
setp 102
.m64n8k64 182
%p1 102
, 2C
%r2 102
, 2C
%r2 102
; 3B
setp 102
.m64n8k8 182
%p1 102
, 2C
%r2 102
, 2C
%r2 102
; 3B
setp 102
.m64n96k16 182
%p1 102
, 2C
%r2 102
, 2C
%r2 102
; 3B
setp 102
.m64n96k256 182
%p1 102
, 2C
%r2 102
, 2C
%r2 102
; 3B
setp 102
.m64n96k32 182
%p1 102
, 2C
%r2 102
, 2C
%r2 102
; 3B
setp 102
.m64n96k64 182
%p1 102
, 2C
%r2 102
, 2C
%r2 102
; 3B
setp 102
.m64n96k8 182
%p1 102
, 2C
%r2 102
, 2C
%r2 102
; 3B
setp 102
.m8n16 182
%p1 102
, 2C
%r2 102
, 2C
%r2 102
; 3B
setp 102
.m8n32 182
%p1 102
, 2C
%r2 102
, 2C
%r2 102
; 3B
setp 102
.m8n32k16 182
%p1 102
, 2C
%r2 102
, 2C
%r2 102
; 3B
setp 102
.m8n64 182
%p1 102
, 2C
%r2 102
, 2C
%r2 102
; 3B
setp 102
.m8n8 182
%p1 102
, 2C
%r2 102
, 2C
%r2 102
; 3B
setp 102
.m8n8k128 182
%p1 102
, 2C
%r2 102
, 2C
%r2 102
; 3B
setp 102
.m8n8k16 182
%p1 102
, 2C
%r2 102
, 2C
%r2 102
; 3B
setp 102
.m8n8k32 182
%p1 102
, 2C
%r2 102
, 2C
%r2 102
; 3B
setp 102
.m8n8k4 182
%p1 102
, 2C
%r2 102
, 2C
%r2 102
; 3B
setp 102
.m8n8k64 182
%p1 102
, 2C
%r2 102
, 2C
%r2 102
; 3B
setp 102
.matrix::A 103
%p1 102
, 2C
%r2 102
, 2C
%r2 102
; 3B
setp 102
.matrix::D 103
%p1 102
, 2C
%r2 102
, 2C
%r2 102
; 3B
setp 102
.matrix::scaleA 103
%p1 102
, 2C
%r2 102
, 2C
%r2 102
; 3B
setp 102
.matrix::scaleB 103
%p1 102
, 2C
%r2 102
, 2C
%r2 102
; 3B
setp 102
.matrix::sparseMetadata 103
%p1 102
, 2C
%r2 102
, 2C
%r2 102
; 3B
setp 102
.max 144
%p1 102
, 2C
%r2 102
, 2C
%r2 102
; 3B
setp 102
.maxabs 144
%p1 102
, 2C
%r2 102
, 2C
%r2 102
; 3B
setp 102
.mbarrier 16E
%p1 102
, 2C
%r2 102
, 2C
%r2 102
; 3B
setp 102
.mbarrier::arrive::one 16E
%p1 102
, 2C
%r2 102
, 2C
%r2 102
; 3B
setp 102
.mbarrier::complete_tx::bytes 16E
%p1 102
, 2C
%r2 102
, 2C
%r2 102
; 3B
setp 102
.mbarrier::meet_tx::bytes 16E
%p1 102
, 2C
%r2 102
, 2C
%r2 102
; 3B
setp 102
.memory_layout 135
%p1 102
, 2C
%r2 102
, 2C
%r2 102
; 3B
setp 102
.min 144
%p1 102
, 2C
%r2 102
, 2C
%r2 102
; 3B
setp 102
.mma 103
%p1 102
, 2C
%r2 102
, 2C
%r2 102
; 3B
setp 102
.mmio 16A
%p1 102
, 2C
%r2 102
, 2C
%r2 102
; 3B
setp 102
.multicast 103
%p1 102
, 2C
%r2 102
, 2C
%r2 102
; 3B
setp 102
.nan 140
%p1 102
, 2C
%r2 102
, 2C
%r2 102
; 3B
setp 102
.nc 16B
%p1 102
, 2C
%r2 102
, 2C
%r2 102
; 3B
setp 102
.ne 140
%p1 102
, 2C
%r2 102
, 2C
%r2 102
; 3B
setp 102
.negA 188
%p1 102
, 2C
%r2 102
, 2C
%r2 102
; 3B
setp 102
.negAB 103
%p1 102
, 2C
%r2 102
, 2C
%r2 102
; 3B
setp 102
.negB 18A
%p1 102
, 2C
%r2 102
, 2C
%r2 102
; 3B
setp 102
.neu 140
%p1 102
, 2C
%r2 102
, 2C
%r2 102
; 3B
setp 102
.noComplete 19A
%p1 102
, 2C
%r2 102
, 2C
%r2 102
; 3B
setp 102
.no_atexit 103
%p1 102
, 2C
%r2 102
, 2C
%r2 102
; 3B
setp 102
.no_membermask_overlap 170
%p1 102
, 2C
%r2 102
, 2C
%r2 102
; 3B
setp 102
.noftz 164
%p1 102
, 2C
%r2 102
, 2C
%r2 102
; 3B
setp 102
.noinc 19B
%p1 102
, 2C
%r2 102
, 2C
%r2 102
; 3B
setp 102
.normal 121
%p1 102
, 2C
%r2 102
, 2C
%r2 102
; 3B
setp 102
.normalized_coords 135
%p1 102
, 2C
%r2 102
, 2C
%r2 102
; 3B
setp 102
.notanumber 121
%p1 102
, 2C
%r2 102
, 2C
%r2 102
; 3B
setp 102
.num 140
%p1 102
, 2C
%r2 102
, 2C
%r2 102
; 3B
setp 102
.num_mipmap_levels 135
%p1 102
, 2C
%r2 102
, 2C
%r2 102
; 3B
setp 102
.num_samples 135
%p1 102
, 2C
%r2 102
, 2C
%r2 102
; 3B
setp 102
.number 121
%p1 102
, 2C
%r2 102
, 2C
%r2 102
; 3B
setp 102
.o128 103
%p1 102
, 2C
%r2 102
, 2C
%r2 102
; 3B
setp 102
.o4 103
%p1 102
, 2C
%r2 102
, 2C
%r2 102
; 3B
setp 102
.or 142
%p1 102
, 2C
%r2 102
, 2C
%r2 102
; 3B
setp 102
.override::global_address 103
%p1 102
, 2C
%r2 102
, 2C
%r2 102
; 3B
setp 102
.override::global_dim 103
%p1 102
, 2C
%r2 102
, 2C
%r2 102
; 3B
setp 102
.override::global_dim::global_stride 103
%p1 102
, 2C
%r2 102
, 2C
%r2 102
; 3B
setp 102
.override::global_dim_stride 103
%p1 102
, 2C
%r2 102
, 2C
%r2 102
; 3B
setp 102
.pack::16b 103
%p1 102
, 2C
%r2 102
, 2C
%r2 102
; 3B
setp 102
.packed_offsets 103
%p1 102
, 2C
%r2 102
, 2C
%r2 102
; 3B
setp 102
.pair 193
%p1 102
, 2C
%r2 102
, 2C
%r2 102
; 3B
setp 102
.po 126
%p1 102
, 2C
%r2 102
, 2C
%r2 102
; 3B
setp 102
.popc 144
%p1 102
, 2C
%r2 102
, 2C
%r2 102
; 3B
setp 102
= 113
%p1 102
, 2C
%r2 102
, 2C
%r2 102
; 3B
setp 102
.quad 193
%p1 102
, 2C
%r2 102
, 2C
%r2 102
; 3B
setp 102
.r 103
%p1 102
, 2C
%r2 102
, 2C
%r2 102
; 3B
setp 102
.rank 1A1
%p1 102
, 2C
%r2 102
, 2C
%r2 102
; 3B
setp 102
.rc16 127
%p1 102
, 2C
%r2 102
, 2C
%r2 102
; 3B
setp 102
.rc8 127
%p1 102
, 2C
%r2 102
, 2C
%r2 102
; 3B
setp 102
.read 103
%p1 102
, 2C
%r2 102
, 2C
%r2 102
; 3B
setp 102
.regoffset 103
%p1 102
, 2C
%r2 102
, 2C
%r2 102
; 3B
setp 102
.relaxed 169
%p1 102
, 2C
%r2 102
, 2C
%r2 102
; 3B
setp 102
.release 169
%p1 102
, 2C
%r2 102
, 2C
%r2 102
; 3B
setp 102
.release::ordered 103
%p1 102
, 2C
%r2 102
, 2C
%r2 102
; 3B
setp 102
.relu 162
%p1 102
, 2C
%r2 102
, 2C
%r2 102
; 3B
setp 102
.rm 120
%p1 102
, 2C
%r2 102
, 2C
%r2 102
; 3B
setp 102
.rmi 120
%p1 102
, 2C
%r2 102
, 2C
%r2 102
; 3B
setp 102
.rn 120
%p1 102
, 2C
%r2 102
, 2C
%r2 102
; 3B
setp 102
.rna 120
%p1 102
, 2C
%r2 102
, 2C
%r2 102
; 3B
setp 102
.rni 120
%p1 102
, 2C
%r2 102
, 2C
%r2 102
; 3B
setp 102
.row 183
%p1 102
, 2C
%r2 102
, 2C
%r2 102
; 3B
setp 102
.rp 120
%p1 102
, 2C
%r2 102
, 2C
%r2 102
; 3B
setp 102
.rpi 120
%p1 102
, 2C
%r2 102
, 2C
%r2 102
; 3B
setp 102
.rs 120
%p1 102
, 2C
%r2 102
, 2C
%r2 102
; 3B
setp 102
.rz 120
%p1 102
, 2C
%r2 102
, 2C
%r2 102
; 3B
setp 102
.rzi 120
%p1 102
, 2C
%r2 102
, 2C
%r2 102
; 3B
setp 102
.s 103
%p1 102
, 2C
%r2 102
, 2C
%r2 102
; 3B
setp 102
 113
%p1 102
, 2C
%r2 102
, 2C
%r2 102
; 3B
setp 102
 113
%p1 102
, 2C
%r2 102
, 2C
%r2 102
; 3B
setp 102
.s2 194
%p1 102
, 2C
%r2 102
, 2C
%r2 102
; 3B
setp 102
.s2m6 103
%p1 102
, 2C
%r2 102
, 2C
%r2 102
; 3B
setp 102
.s2m6x2 103
%p1 102
, 2C
%r2 102
, 2C
%r2 102
; 3B
setp 102
 113
%p1 102
, 2C
%r2 102
, 2C
%r2 102
; 3B
setp 102
.s32k2 103
%p1 102
, 2C
%r2 102
, 2C
%r2 102
; 3B
setp 102
.s4 194
%p1 102
, 2C
%r2 102
, 2C
%r2 102
; 3B
setp 102
 113
%p1 102
, 2C
%r2 102
, 2C
%r2 102
; 3B
setp 102
 113
%p1 102
, 2C
%r2 102
, 2C
%r2 102
; 3B
setp 102
.safeadd 143
%p1 102
, 2C
%r2 102
, 2C
%r2 102
; 3B
setp 102
.sat 165
%p1 102
, 2C
%r2 102
, 2C
%r2 102
; 3B
setp 102
.satfinite 166
%p1 102
, 2C
%r2 102
, 2C
%r2 102
; 3B
setp 102
.satnarrow 103
%p1 102
, 2C
%r2 102
, 2C
%r2 102
; 3B
setp 102
.sc 169
%p1 102
, 2C
%r2 102
, 2C
%r2 102
; 3B
setp 102
.scale_vec::1X 103
%p1 102
, 2C
%r2 102
, 2C
%r2 102
; 3B
setp 102
.scale_vec::2X 103
%p1 102
, 2C
%r2 102
, 2C
%r2 102
; 3B
setp 102
.scale_vec::4X 103
%p1 102
, 2C
%r2 102
, 2C
%r2 102
; 3B
setp 102
.scaled::n1::ue8m0 103
%p1 102
, 2C
%r2 102
, 2C
%r2 102
; 3B
setp 102
.scaled::n2::ue8m0 103
%p1 102
, 2C
%r2 102
, 2C
%r2 102
; 3B
setp 102
.scatter4 103
%p1 102
, 2C
%r2 102
, 2C
%r2 102
; 3B
setp 102
.self 103
%p1 102
, 2C
%r2 102
, 2C
%r2 102
; 3B
setp 102
.shift 103
%p1 102
, 2C
%r2 102
, 2C
%r2 102
; 3B
setp 102
.shiftamt 168
%p1 102
, 2C
%r2 102
, 2C
%r2 102
; 3B
setp 102
.shr15 125
%p1 102
, 2C
%r2 102
, 2C
%r2 102
; 3B
setp 102
.shr7 125
%p1 102
, 2C
%r2 102
, 2C
%r2 102
; 3B
setp 102
.sp::ordered_metadata 197
%p1 102
, 2C
%r2 102
, 2C
%r2 102
; 3B
setp 102
.st 103
%p1 102
, 2C
%r2 102
, 2C
%r2 102
; 3B
setp 102
.sub 103
%p1 102
, 2C
%r2 102
, 2C
%r2 102
; 3B
setp 102
.subnormal 121
%p1 102
, 2C
%r2 102
, 2C
%r2 102
; 3B
setp 102
.swizzle_atomicity 1A1
%p1 102
, 2C
%r2 102
, 2C
%r2 102
; 3B
setp 102
.swizzle_mode 1A1
%p1 102
, 2C
%r2 102
, 2C
%r2 102
; 3B
setp 102
.sync 147
%p1 102
, 2C
%r2 102
, 2C
%r2 102
; 3B
setp 102
.sync_restrict::shared::cluster 190
%p1 102
, 2C
%r2 102
, 2C
%r2 102
; 3B
setp 102
.sync_restrict::shared::cta 190
%p1 102
, 2C
%r2 102
, 2C
%r2 102
; 3B
setp 102
a::a 103
%p1 102
, 2C
%r2 102
, 2C
%r2 102
; 3B
setp 102
.sys 151
%p1 102
, 2C
%r2 102
, 2C
%r2 102
; 3B
setp 102
.tensormap 123
%p1 102
, 2C
%r2 102
, 2C
%r2 102
; 3B
setp 102
.tensormap::generic 1A3
%p1 102
, 2C
%r2 102
, 2C
%r2 102
; 3B
setp 102
.tf32 103
%p1 102
, 2C
%r2 102
, 2C
%r2 102
; 3B
setp 102
.thread 193
%p1 102
, 2C
%r2 102
, 2C
%r2 102
; 3B
setp 102
.tile 103
%p1 102
, 2C
%r2 102
, 2C
%r2 102
; 3B
setp 102
.tile::gather4 103
%p1 102
, 2C
%r2 102
, 2C
%r2 102
; 3B
setp 102
.tile::scatter4 103
%p1 102
, 2C
%r2 102
, 2C
%r2 102
; 3B
setp 102
.trans 192
%p1 102
, 2C
%r2 102
, 2C
%r2 102
; 3B
setp 102
.transA 187
%p1 102
, 2C
%r2 102
, 2C
%r2 102
; 3B
setp 102
.transB 189
%p1 102
, 2C
%r2 102
, 2C
%r2 102
; 3B
setp 102
.trap 124
%p1 102
, 2C
%r2 102
, 2C
%r2 102
; 3B
setp 102
 113
%p1 102
, 2C
%r2 102
, 2C
%r2 102
; 3B
setp 102
 113
%p1 102
, 2C
%r2 102
, 2C
%r2 102
; 3B
setp 102
.u2 194
%p1 102
, 2C
%r2 102
, 2C
%r2 102
; 3B
setp 102
 113
%p1 102
, 2C
%r2 102
, 2C
%r2 102
; 3B
setp 102
.u4 194
%p1 102
, 2C
%r2 102
, 2C
%r2 102
; 3B
setp 102
 113
%p1 102
, 2C
%r2 102
, 2C
%r2 102
; 3B
setp 102
 113
%p1 102
, 2C
%r2 102
, 2C
%r2 102
; 3B
setp 102
.ue4m3 103
%p1 102
, 2C
%r2 102
, 2C
%r2 102
; 3B
setp 102
.ue5m3x2 103
%p1 102
, 2C
%r2 102
, 2C
%r2 102
; 3B
setp 102
.ue8m0 103
%p1 102
, 2C
%r2 102
, 2C
%r2 102
; 3B
setp 102
* 113
%p1 102
, 2C
%r2 102
, 2C
%r2 102
; 3B
setp 102
4 113
%p1 102
, 2C
%r2 102
, 2C
%r2 102
; 3B
setp 102
.unanimous 146
%p1 102
, 2C
%r2 102
, 2C
%r2 102
; 3B
setp 102
.uni 145
%p1 102
, 2C
%r2 102
, 2C
%r2 102
; 3B
setp 102
.unpack::16b 103
%p1 102
, 2C
%r2 102
, 2C
%r2 102
; 3B
setp 102
.up 128
%p1 102
, 2C
%r2 102
, 2C
%r2 102
; 3B
setp 102
.v2 152
%p1 102
, 2C
%r2 102
, 2C
%r2 102
; 3B
setp 102
.v4 152
%p1 102
, 2C
%r2 102
, 2C
%r2 102
; 3B
setp 102
.v8 103
%p1 102
, 2C
%r2 102
, 2C
%r2 102
; 3B
setp 102
.volatile 169
%p1 102
, 2C
%r2 102
, 2C
%r2 102
; 3B
setp 102
.w 103
%p1 102
, 2C
%r2 102
, 2C
%r2 102
; 3B
setp 102
.w128 103
%p1 102
, 2C
%r2 102
, 2C
%r2 102
; 3B
setp 102
.wait 103
%p1 102
, 2C
%r2 102
, 2C
%r2 102
; 3B
setp 102
.warpx2::01_23 103
%p1 102
, 2C
%r2 102
, 2C
%r2 102
; 3B
setp 102
.warpx2::02_13 103
%p1 102
, 2C
%r2 102
, 2C
%r2 102
; 3B
setp 102
.warpx4 103
%p1 102
, 2C
%r2 102
, 2C
%r2 102
; 3B
setp 102
.wb 122
%p1 102
, 2C
%r2 102
, 2C
%r2 102
; 3B
setp 102
.weak 111
%p1 102
, 2C
%r2 102
, 2C
%r2 102
; 3B
setp 102
.width 135
%p1 102
, 2C
%r2 102
, 2C
%r2 102
; 3B
setp 102
.wrap 124
%p1 102
, 2C
%r2 102
, 2C
%r2 102
; 3B
setp 102
.write 103
%p1 102
, 2C
%r2 102
, 2C
%r2 102
; 3B
setp 102
.wt 122
%p1 102
, 2C
%r2 102
, 2C
%r2 102
; 3B
setp 102
.x1 191
%p1 102
, 2C
%r2 102
, 2C
%r2 102
; 3B
setp 102
.x128 191
%p1 102
, 2C
%r2 102
, 2C
%r2 102
; 3B
setp 102
.x16 191
%p1 102
, 2C
%r2 102
, 2C
%r2 102
; 3B
setp 102
.x2 191
%p1 102
, 2C
%r2 102
, 2C
%r2 102
; 3B
setp 102
.x32 191
%p1 102
, 2C
%r2 102
, 2C
%r2 102
; 3B
setp 102
.x4 191
%p1 102
, 2C
%r2 102
, 2C
%r2 102
; 3B
setp 102
.x64 191
%p1 102
, 2C
%r2 102
, 2C
%r2 102
; 3B
setp 102
.x8 191
%p1 102
, 2C
%r2 102
, 2C
%r2 102
; 3B
setp 102
.xor 142
%p1 102
, 2C
%r2 102
, 2C
%r2 102
; 3B
setp 102
.xorsign 103
%p1 102
, 2C
%r2 102
, 2C
%r2 102
; 3B
setp 102
.zero 124
%p1 102
, 2C
%r2 102
, 2C
%r2 102
; 3B
setp 102
::after_thread_sync 1A4
%p1 102
, 2C
%r2 102
, 2C
%r2 102
; 3B
setp 102
::before_thread_sync 1A4
%p1 102
, 2C
%r2 102
, 2C
%r2 102
; 3B
setp 102
: 3A
: 3A
