9.1 153
.target 154
sm_100 102
0
9.1 153
.target 154
sm_101 102
.address_size 155
106
.visible 110
.func 14D
( 28
.param 131
 113
func_retval0 102
) 29
_Z15test 102
( 28
.param 131
 113
param_0 102
) 29
{ 7B
.reg 12D
= 113
%p 102
< 3C
106
> 3E
; 3B
.reg 12D
 113
%r 102
< 3C
106
> 3E
; 3B
ld 102
.param 131
 113
%r2 102
, 2C
[ 5B
param_0 102
] 5D
; 3B
setp 102
.allocation_granularity 103
%p1 102
, 2C
%r2 102
, 2C
%r2 102
; 3B
@ 40
%p1 102
setp 102
.are_columns_allocated 103
%p1 102
, 2C
%r2 102
, 2C
%r2 102
; 3B
setp 102
.arrive 103
%p1 102
, 2C
%r2 102
, 2C
%r2 102
; 3B
setp 102
.arrive_drop 103
%p1 102
, 2C
%r2 102
, 2C
%r2 102
; 3B
setp 102
.base 103
%p1 102
, 2C
%r2 102
, 2C
%r2 102
; 3B
setp 102
.bulk 103
%p1 102
, 2C
%r2 102
, 2C
%r2 102
; 3B
setp 102
.c 103
%p1 102
, 2C
%r2 102
, 2C
%r2 102
; 3B
setp 102
.check_sparse_usage 103
%p1 102
, 2C
%r2 102
, 2C
%r2 102
; 3B
setp 102
.commit 103
%p1 102
, 2C
%r2 102
, 2C
%r2 102
; 3B
setp 102
.commit_batch 103
%p1 102
, 2C
%r2 102
, 2C
%r2 102
; 3B
setp 102
.commit_group 103
%p1 102
, 2C
%r2 102
, 2C
%r2 102
; 3B
setp 102
.complete_tx 103
%p1 102
, 2C
%r2 102
, 2C
%r2 102
; 3B
setp 102
.cp_fenceproxy 103
%p1 102
, 2C
%r2 102
, 2C
%r2 102
; 3B
setp 102
.cvt 103
%p1 102
, 2C
%r2 102
, 2C
%r2 102
; 3B
setp 102
.d 103
%p1 102
, 2C
%r2 102
, 2C
%r2 102
; 3B
setp 102
.datapath_alignment 103
%p1 102
, 2C
%r2 102
, 2C
%r2 102
; 3B
setp 102
.divide 103
%p1 102
, 2C
%r2 102
, 2C
%r2 102
; 3B
setp 102
.expect_tx 103
%p1 102
, 2C
%r2 102
, 2C
%r2 102
; 3B
setp 102
.fence 103
%p1 102
, 2C
%r2 102
, 2C
%r2 102
; 3B
setp 102
.flush 103
%p1 102
, 2C
%r2 102
, 2C
%r2 102
; 3B
setp 102
.fractional 103
%p1 102
, 2C
%r2 102
, 2C
%r2 102
; 3B
setp 102
.full 103
%p1 102
, 2C
%r2 102
, 2C
%r2 102
; 3B
setp 102
.fused 103
